\BOOKMARK [0][]{ustcchapter.1.0}{\376\377\134\001\227\142}{}% 1
\BOOKMARK [0][]{ustcchapter.2.0}{\376\377\000T\000i\000t\000l\000e\000\040\000p\000a\000g\000e}{}% 2
\BOOKMARK [0][]{ustcchapter.3.0}{\376\377\123\237\122\033\140\047\124\214\143\210\147\103\117\177\165\050\130\360\146\016}{}% 3
\BOOKMARK [0][]{ustcchapter.4.0}{\376\377\144\130\211\201}{}% 4
\BOOKMARK [0][]{ustcchapter.5.0}{\376\377\000A\000b\000s\000t\000r\000a\000c\000t}{}% 5
\BOOKMARK [0][]{ustcchapter.6.0}{\376\377\166\356\137\125}{}% 6
\BOOKMARK [0][]{ustcchapter.7.0}{\376\377\143\322\126\376\156\005\123\125}{}% 7
\BOOKMARK [0][]{ustcchapter.8.0}{\376\377\210\150\150\074\156\005\123\125}{}% 8
\BOOKMARK [0][]{chapter.1}{\376\377\173\054\0001\172\340\000\040\176\352\213\272}{}% 9
\BOOKMARK [1][-]{section.1.1}{\376\377\0001\000.\0001\000\040\220\011\230\230\141\017\116\111\123\312\220\011\230\230\200\314\146\157}{chapter.1}% 10
\BOOKMARK [1][-]{section.1.2}{\376\377\0001\000.\0002\000\040\126\375\121\205\131\026\170\024\172\166\163\260\162\266\123\312\123\321\134\125\215\213\122\277}{chapter.1}% 11
\BOOKMARK [2][-]{subsection.1.2.1}{\376\377\0001\000.\0002\000.\0001\000\040\116\377\167\037\136\372\152\041\142\200\147\057\166\204\123\321\134\125\163\260\162\266}{section.1.2}% 12
\BOOKMARK [2][-]{subsection.1.2.2}{\376\377\0001\000.\0002\000.\0002\000\040\202\257\162\107\174\373\176\337\140\047\200\375\122\006\147\220\123\321\134\125\163\260\162\266}{section.1.2}% 13
\BOOKMARK [2][-]{subsection.1.2.3}{\376\377\0001\000.\0002\000.\0003\000\040\213\276\213\241\172\172\225\364\143\242\175\042\155\101\172\013\166\204\123\321\134\125\163\260\162\266}{section.1.2}% 14
\BOOKMARK [1][-]{section.1.3}{\376\377\0001\000.\0003\000\040\147\054\213\272\145\207\166\204\116\073\211\201\135\345\117\134}{chapter.1}% 15
\BOOKMARK [1][-]{section.1.4}{\376\377\0001\000.\0004\000\040\147\054\145\207\166\204\176\304\176\307\176\323\147\204}{chapter.1}% 16
\BOOKMARK [0][]{chapter.2}{\376\377\173\054\0002\172\340\000\040\166\370\121\163\142\200\147\057\173\200\116\313}{}% 17
\BOOKMARK [1][-]{section.2.1}{\376\377\0002\000.\0001\000\040\000E\000S\000L\136\372\152\041\116\313\176\315}{chapter.2}% 18
\BOOKMARK [1][-]{section.2.2}{\376\377\0002\000.\0002\000\040\000S\000i\000m\000P\000y\116\377\167\037\150\106\147\266\116\313\176\315}{chapter.2}% 19
\BOOKMARK [1][-]{section.2.3}{\376\377\0002\000.\0003\000\040\131\032\166\356\150\007\117\030\123\026\116\313\176\315}{chapter.2}% 20
\BOOKMARK [1][-]{section.2.4}{\376\377\0002\000.\0004\000\040\000S\000Q\000L\000i\000t\000e\145\160\143\156\136\223\116\313\176\315}{chapter.2}% 21
\BOOKMARK [1][-]{section.2.5}{\376\377\0002\000.\0005\000\040\116\377\167\037\136\163\123\360\145\164\117\123\116\313\176\315}{chapter.2}% 22
\BOOKMARK [2][-]{subsection.2.5.1}{\376\377\0002\000.\0005\000.\0001\000\040\116\377\167\037\136\163\123\360\145\164\117\123\147\266\147\204}{section.2.5}% 23
\BOOKMARK [2][-]{subsection.2.5.2}{\376\377\0002\000.\0005\000.\0002\000\040\116\377\167\037\136\163\123\360\116\032\122\241\116\377\167\037\155\101\172\013}{section.2.5}% 24
\BOOKMARK [1][-]{section.2.6}{\376\377\0002\000.\0006\000\040\147\054\172\340\134\017\176\323}{chapter.2}% 25
\BOOKMARK [0][]{chapter.3}{\376\377\173\054\0003\172\340\000\040\227\000\154\102\122\006\147\220}{}% 26
\BOOKMARK [1][-]{section.3.1}{\376\377\0003\000.\0001\000\040\174\373\176\337\227\000\154\102\122\006\147\220\173\200\116\313}{chapter.3}% 27
\BOOKMARK [1][-]{section.3.2}{\376\377\0003\000.\0002\000\040\122\237\200\375\140\047\227\000\154\102}{chapter.3}% 28
\BOOKMARK [2][-]{subsection.3.2.1}{\376\377\0003\000.\0002\000.\0001\000\040\000G\000e\000n\000e\000r\000a\000l\000F\000i\000f\000o\152\041\127\127\122\237\200\375\227\000\154\102}{section.3.2}% 29
\BOOKMARK [2][-]{subsection.3.2.2}{\376\377\0003\000.\0002\000.\0002\000\040\000P\000r\000o\000c\000e\000s\000s\000o\000r\152\041\127\127\122\237\200\375\227\000\154\102}{section.3.2}% 30
\BOOKMARK [2][-]{subsection.3.2.3}{\376\377\0003\000.\0002\000.\0003\000\040\000M\000e\000m\000o\000r\000y\152\041\127\127\122\237\200\375\227\000\154\102}{section.3.2}% 31
\BOOKMARK [2][-]{subsection.3.2.4}{\376\377\0003\000.\0002\000.\0004\000\040\146\156\220\032\165\050\142\067\0001\227\000\154\102}{section.3.2}% 32
\BOOKMARK [2][-]{subsection.3.2.5}{\376\377\0003\000.\0002\000.\0005\000\040\232\330\176\247\165\050\142\067\227\000\154\102}{section.3.2}% 33
\BOOKMARK [2][-]{subsection.3.2.6}{\376\377\0003\000.\0002\000.\0006\000\040\146\156\220\032\165\050\142\067\0002\227\000\154\102}{section.3.2}% 34
\BOOKMARK [1][-]{section.3.3}{\376\377\0003\000.\0003\000\040\227\136\122\237\200\375\227\000\154\102}{chapter.3}% 35
\BOOKMARK [2][-]{subsection.3.3.1}{\376\377\0003\000.\0003\000.\0001\000\040\123\357\142\151\134\125\140\047\227\000\154\102}{section.3.3}% 36
\BOOKMARK [2][-]{subsection.3.3.2}{\376\377\0003\000.\0003\000.\0002\000\040\123\357\176\364\142\244\140\047\227\000\154\102}{section.3.3}% 37
\BOOKMARK [2][-]{subsection.3.3.3}{\376\377\0003\000.\0003\000.\0003\000\040\140\047\200\375\227\000\154\102}{section.3.3}% 38
\BOOKMARK [1][-]{section.3.4}{\376\377\0003\000.\0004\000\040\147\054\172\340\134\017\176\323}{chapter.3}% 39
\BOOKMARK [0][]{chapter.4}{\376\377\173\054\0004\172\340\000\040\151\202\211\201\213\276\213\241}{}% 40
\BOOKMARK [1][-]{section.4.1}{\376\377\0004\000.\0001\000\040\174\373\176\337\145\164\117\123\176\323\147\204}{chapter.4}% 41
\BOOKMARK [1][-]{section.4.2}{\376\377\0004\000.\0002\000\040\116\377\167\037\136\163\123\360\170\154\116\366\152\041\127\213\165\037\142\020\152\041\127\127\151\202\211\201\213\276\213\241}{chapter.4}% 42
\BOOKMARK [2][-]{subsection.4.2.1}{\376\377\0004\000.\0002\000.\0001\000\040\170\154\116\366\136\163\123\360\147\204\136\372\152\041\127\127\151\202\211\201\213\276\213\241}{section.4.2}% 43
\BOOKMARK [2][-]{subsection.4.2.2}{\376\377\0004\000.\0002\000.\0002\000\040\000G\000e\000n\000e\000r\000a\000l\000F\000i\000f\000o\152\041\127\127\151\202\211\201\213\276\213\241}{section.4.2}% 44
\BOOKMARK [2][-]{subsection.4.2.3}{\376\377\0004\000.\0002\000.\0003\000\040\000M\000e\000m\000o\000r\000y\152\041\127\127\151\202\211\201\213\276\213\241}{section.4.2}% 45
\BOOKMARK [2][-]{subsection.4.2.4}{\376\377\0004\000.\0002\000.\0004\000\040\000P\000r\000o\000c\000e\000s\000s\000o\000r\152\041\127\127\151\202\211\201\213\276\213\241}{section.4.2}% 46
\BOOKMARK [1][-]{section.4.3}{\376\377\0004\000.\0003\000\040\213\276\213\241\172\172\225\364\147\204\136\372\152\041\127\127\123\312\116\377\167\037\230\204\155\113\152\041\127\213\151\202\211\201\213\276\213\241}{chapter.4}% 47
\BOOKMARK [2][-]{subsection.4.3.1}{\376\377\0004\000.\0003\000.\0001\000\040\213\276\213\241\172\172\225\364\147\204\136\372\152\041\127\127\151\202\211\201\213\276\213\241}{section.4.3}% 48
\BOOKMARK [2][-]{subsection.4.3.2}{\376\377\0004\000.\0003\000.\0002\000\040\116\377\167\037\136\163\123\360\230\204\155\113\152\041\127\213\151\202\211\201\213\276\213\241}{section.4.3}% 49
\BOOKMARK [1][-]{section.4.4}{\376\377\0004\000.\0004\000\040\116\377\167\037\117\341\140\157\145\160\143\156\136\223\151\202\211\201\213\276\213\241}{chapter.4}% 50
\BOOKMARK [1][-]{section.4.5}{\376\377\0004\000.\0005\000\040\147\054\172\340\134\017\176\323}{chapter.4}% 51
\BOOKMARK [0][]{chapter.5}{\376\377\173\054\0005\172\340\000\040\213\346\176\306\213\276\213\241\116\016\133\236\163\260}{}% 52
\BOOKMARK [1][-]{section.5.1}{\376\377\0005\000.\0001\000\040\116\377\167\037\136\163\123\360\152\041\127\127\170\154\116\366\136\163\123\360\147\204\136\372\152\041\127\127\166\204\213\276\213\241\116\016\133\236\163\260}{chapter.5}% 53
\BOOKMARK [1][-]{section.5.2}{\376\377\0005\000.\0002\000\040\000G\000e\000n\000e\000r\000a\000l\000F\000i\000f\000o\152\041\127\127\213\276\213\241\116\016\133\236\163\260}{chapter.5}% 54
\BOOKMARK [1][-]{section.5.3}{\376\377\0005\000.\0003\000\040\000P\000r\000o\000c\000e\000s\000s\000o\000r\152\041\127\127\213\276\213\241\116\016\133\236\163\260}{chapter.5}% 55
\BOOKMARK [1][-]{section.5.4}{\376\377\0005\000.\0004\000\040\116\377\167\037\136\163\123\360\000M\000e\000m\000o\000r\000y\152\041\127\127\213\276\213\241\116\016\133\236\163\260}{chapter.5}% 56
\BOOKMARK [1][-]{section.5.5}{\376\377\0005\000.\0005\000\040\213\276\213\241\172\172\225\364\143\242\175\042\166\370\121\163\152\041\127\127\166\204\213\276\213\241\116\016\133\236\163\260}{chapter.5}% 57
\BOOKMARK [2][-]{subsection.5.5.1}{\376\377\0005\000.\0005\000.\0001\000\040\213\255\176\303\226\306\165\037\142\020\152\041\127\127\166\204\213\276\213\241\116\016\133\236\163\260}{section.5.5}% 58
\BOOKMARK [2][-]{subsection.5.5.2}{\376\377\0005\000.\0005\000.\0002\000\040\230\204\155\113\152\041\127\213\165\037\142\020\152\041\127\127\213\276\213\241\116\016\133\236\163\260}{section.5.5}% 59
\BOOKMARK [2][-]{subsection.5.5.3}{\376\377\0005\000.\0005\000.\0003\000\040\213\276\213\241\172\172\225\364\143\242\175\042\176\323\147\234\122\006\147\220}{section.5.5}% 60
\BOOKMARK [1][-]{section.5.6}{\376\377\0005\000.\0006\000\040\147\054\172\340\134\017\176\323}{chapter.5}% 61
\BOOKMARK [0][]{chapter.6}{\376\377\173\054\0006\172\340\000\040\174\373\176\337\155\113\213\325\116\016\176\323\147\234\122\006\147\220}{}% 62
\BOOKMARK [1][-]{section.6.1}{\376\377\0006\000.\0001\000\040\116\377\167\037\136\163\123\360\155\113\213\325}{chapter.6}% 63
\BOOKMARK [2][-]{subsection.6.1.1}{\376\377\0006\000.\0001\000.\0001\000\040\155\113\213\325\163\257\130\203}{section.6.1}% 64
\BOOKMARK [2][-]{subsection.6.1.2}{\376\377\0006\000.\0001\000.\0002\000\040\155\113\213\325\135\345\121\167\124\214\145\271\154\325}{section.6.1}% 65
\BOOKMARK [2][-]{subsection.6.1.3}{\376\377\0006\000.\0001\000.\0003\000\040\170\154\116\366\152\041\127\127\122\237\200\375\155\113\213\325}{section.6.1}% 66
\BOOKMARK [2][-]{subsection.6.1.4}{\376\377\0006\000.\0001\000.\0004\000\040\170\154\116\366\136\163\123\360\147\204\136\372\152\041\127\127\155\113\213\325}{section.6.1}% 67
\BOOKMARK [2][-]{subsection.6.1.5}{\376\377\0006\000.\0001\000.\0005\000\040\116\377\167\037\136\163\123\360\217\320\210\114\152\041\127\127\155\113\213\325}{section.6.1}% 68
\BOOKMARK [2][-]{subsection.6.1.6}{\376\377\0006\000.\0001\000.\0006\000\040\116\377\167\037\136\163\123\360\140\047\200\375\155\113\213\325}{section.6.1}% 69
\BOOKMARK [1][-]{section.6.2}{\376\377\0006\000.\0002\000\040\147\054\172\340\134\017\176\323}{chapter.6}% 70
\BOOKMARK [0][]{chapter.7}{\376\377\173\054\0007\172\340\000\040\176\323\147\234\116\016\134\125\147\033}{}% 71
\BOOKMARK [1][-]{section.7.1}{\376\377\0007\000.\0001\000\040\213\272\145\207\140\073\176\323}{chapter.7}% 72
\BOOKMARK [1][-]{section.7.2}{\376\377\0007\000.\0002\000\040\225\356\230\230\124\214\134\125\147\033}{chapter.7}% 73
\BOOKMARK [0][]{appendix.A}{\376\377\226\104\137\125\000\040\000A\000\040\177\051\165\145\213\315\133\371\161\147\210\150}{}% 74
