This is XeTeX, Version 3.141592653-2.6-0.999993 (TeX Live 2021/W32TeX) (preloaded format=xelatex 2021.7.24)  8 APR 2022 19:07
entering extended mode
 restricted \write18 enabled.
 file:line:error style messages enabled.
 %&-line parsing enabled.
**f:/thesis/paper/ustcthesis-doc
(f:/thesis/paper/ustcthesis-doc.tex
LaTeX2e <2021-06-01> patch level 1
L3 programming layer <2021-07-12> (c:/texlive/2021/texmf-dist/tex/latex/base/ltxdoc.cls
Document Class: ltxdoc 2020/12/05 v2.1b Standard LaTeX documentation class
(c:/texlive/2021/texmf-dist/tex/latex/base/article.cls
Document Class: article 2021/02/12 v1.4n Standard LaTeX document class
(c:/texlive/2021/texmf-dist/tex/latex/base/size10.clo
File: size10.clo 2021/02/12 v1.4n Standard LaTeX file (size option)
)
\c@part=\count178
\c@section=\count179
\c@subsection=\count180
\c@subsubsection=\count181
\c@paragraph=\count182
\c@subparagraph=\count183
\c@figure=\count184
\c@table=\count185
\abovecaptionskip=\skip47
\belowcaptionskip=\skip48
\bibindent=\dimen138
) (c:/texlive/2021/texmf-dist/tex/latex/base/doc.sty
Package: doc 2021/05/28 v2.1n Standard LaTeX documentation package (FMi)
\c@StandardModuleDepth=\count186
\guard@level=\count187
\MacrocodeTopsep=\skip49
\MacroIndent=\dimen139
\macro@cnt=\count188
\MacroTopsep=\skip50
\index@excludelist=\toks16
 (c:/texlive/2021/texmf-dist/tex/latex/tools/multicol.sty
Package: multicol 2019/12/09 v1.8y multicolumn formatting (FMi)
\c@tracingmulticols=\count189
\mult@box=\box50
\multicol@leftmargin=\dimen140
\c@unbalance=\count190
\c@collectmore=\count191
\doublecol@number=\count192
\multicoltolerance=\count193
\multicolpretolerance=\count194
\full@width=\dimen141
\page@free=\dimen142
\premulticols=\dimen143
\postmulticols=\dimen144
\multicolsep=\skip51
\multicolbaselineskip=\skip52
\partial@page=\box51
\last@line=\box52
\maxbalancingoverflow=\dimen145
\mult@rightbox=\box53
\mult@grightbox=\box54
\mult@gfirstbox=\box55
\mult@firstbox=\box56
\@tempa=\box57
\@tempa=\box58
\@tempa=\box59
\@tempa=\box60
\@tempa=\box61
\@tempa=\box62
\@tempa=\box63
\@tempa=\box64
\@tempa=\box65
\@tempa=\box66
\@tempa=\box67
\@tempa=\box68
\@tempa=\box69
\@tempa=\box70
\@tempa=\box71
\@tempa=\box72
\@tempa=\box73
\@tempa=\box74
\@tempa=\box75
\@tempa=\box76
\@tempa=\box77
\@tempa=\box78
\@tempa=\box79
\@tempa=\box80
\@tempa=\box81
\@tempa=\box82
\@tempa=\box83
\@tempa=\box84
\@tempa=\box85
\@tempa=\box86
\@tempa=\box87
\@tempa=\box88
\@tempa=\box89
\@tempa=\box90
\@tempa=\box91
\@tempa=\box92
\@tempa=\box93
\c@minrows=\count195
\c@columnbadness=\count196
\c@finalcolumnbadness=\count197
\last@try=\dimen146
\multicolovershoot=\dimen147
\multicolundershoot=\dimen148
\mult@nat@firstbox=\box94
\colbreak@box=\box95
\mc@col@check@num=\count198
)
\IndexMin=\dimen149
\c@IndexColumns=\count199
\GlossaryMin=\dimen150
\c@GlossaryColumns=\count266
\check@sum=\count267
\bslash@cnt=\count268
\wrong@table=\toks17
\c@CodelineNo=\count269
)) (c:/texlive/2021/texmf-dist/tex/latex/ctex/ctex.sty (c:/texlive/2021/texmf-dist/tex/latex/l3kernel/expl3.sty
Package: expl3 2021-07-12 L3 programming layer (loader) 
 (c:/texlive/2021/texmf-dist/tex/latex/l3backend/l3backend-xetex.def
File: l3backend-xetex.def 2021-07-12 L3 backend support: XeTeX
 (|extractbb --version)
\c__kernel_sys_dvipdfmx_version_int=\count270
\l__color_backend_stack_int=\count271
\g__color_backend_stack_int=\count272
\g__graphics_track_int=\count273
\l__pdf_internal_box=\box96
\g__pdf_backend_object_int=\count274
\g__pdf_backend_annotation_int=\count275
\g__pdf_backend_link_int=\count276
))
Package: ctex 2021/06/20 v2.5.7 Chinese adapter in LaTeX (CTEX)
 (c:/texlive/2021/texmf-dist/tex/latex/l3packages/xparse/xparse.sty
Package: xparse 2021-06-18 L3 Experimental document command parser
) (c:/texlive/2021/texmf-dist/tex/latex/l3packages/l3keys2e/l3keys2e.sty
Package: l3keys2e 2021-06-18 LaTeX2e option processing using LaTeX3 keys
) (c:/texlive/2021/texmf-dist/tex/latex/ctex/ctexhook.sty
Package: ctexhook 2021/06/20 v2.5.7 Document and package hooks (CTEX)
) (c:/texlive/2021/texmf-dist/tex/latex/ctex/ctexpatch.sty
Package: ctexpatch 2021/06/20 v2.5.7 Patching commands (CTEX)
) (c:/texlive/2021/texmf-dist/tex/latex/base/fix-cm.sty
Package: fix-cm 2020/11/24 v1.1t fixes to LaTeX
 (c:/texlive/2021/texmf-dist/tex/latex/base/ts1enc.def
File: ts1enc.def 2001/06/05 v3.0e (jk/car/fm) Standard LaTeX file
LaTeX Font Info:    Redeclaring font encoding TS1 on input line 47.
))
\l__ctex_tmp_int=\count277
\l__ctex_tmp_box=\box97
\l__ctex_tmp_dim=\dimen151
\g__ctex_section_depth_int=\count278
\g__ctex_font_size_int=\count279
 (c:/texlive/2021/texmf-dist/tex/latex/ctex/config/ctexopts.cfg
File: ctexopts.cfg 2021/06/20 v2.5.7 Option configuration file (CTEX)
) (c:/texlive/2021/texmf-dist/tex/latex/ctex/engine/ctex-engine-xetex.def
File: ctex-engine-xetex.def 2021/06/20 v2.5.7 XeLaTeX adapter (CTEX)
 (c:/texlive/2021/texmf-dist/tex/xelatex/xecjk/xeCJK.sty
Package: xeCJK 2021/06/20 v3.8.7 Typesetting CJK scripts with XeLaTeX
 (c:/texlive/2021/texmf-dist/tex/latex/l3packages/xtemplate/xtemplate.sty
Package: xtemplate 2021-06-18 L3 Experimental prototype document functions
\l__xtemplate_tmp_dim=\dimen152
\l__xtemplate_tmp_int=\count280
\l__xtemplate_tmp_muskip=\muskip16
\l__xtemplate_tmp_skip=\skip53
)
\l__xeCJK_tmp_int=\count281
\l__xeCJK_tmp_box=\box98
\l__xeCJK_tmp_dim=\dimen153
\l__xeCJK_tmp_skip=\skip54
\g__xeCJK_space_factor_int=\count282
\l__xeCJK_begin_int=\count283
\l__xeCJK_end_int=\count284
\c__xeCJK_CJK_class_int=\XeTeXcharclass1
\c__xeCJK_FullLeft_class_int=\XeTeXcharclass2
\c__xeCJK_FullRight_class_int=\XeTeXcharclass3
\c__xeCJK_HalfLeft_class_int=\XeTeXcharclass4
\c__xeCJK_HalfRight_class_int=\XeTeXcharclass5
\c__xeCJK_NormalSpace_class_int=\XeTeXcharclass6
\c__xeCJK_CM_class_int=\XeTeXcharclass7
\c__xeCJK_HangulJamo_class_int=\XeTeXcharclass8
\l__xeCJK_last_skip=\skip55
\g__xeCJK_node_int=\count285
\c__xeCJK_CJK_node_dim=\dimen154
\c__xeCJK_CJK-space_node_dim=\dimen155
\c__xeCJK_default_node_dim=\dimen156
\c__xeCJK_default-space_node_dim=\dimen157
\c__xeCJK_CJK-widow_node_dim=\dimen158
\c__xeCJK_normalspace_node_dim=\dimen159
\l__xeCJK_ccglue_skip=\skip56
\l__xeCJK_ecglue_skip=\skip57
\l__xeCJK_punct_kern_skip=\skip58
\l__xeCJK_last_penalty_int=\count286
\l__xeCJK_last_bound_dim=\dimen160
\l__xeCJK_last_kern_dim=\dimen161
\l__xeCJK_widow_penalty_int=\count287

Package xtemplate Info: Declaring object type 'xeCJK/punctuation' taking 0
(xtemplate)             argument(s) on line 2335.

\l__xeCJK_fixed_punct_width_dim=\dimen162
\l__xeCJK_mixed_punct_width_dim=\dimen163
\l__xeCJK_middle_punct_width_dim=\dimen164
\l__xeCJK_fixed_margin_width_dim=\dimen165
\l__xeCJK_mixed_margin_width_dim=\dimen166
\l__xeCJK_middle_margin_width_dim=\dimen167
\l__xeCJK_bound_punct_width_dim=\dimen168
\l__xeCJK_bound_margin_width_dim=\dimen169
\l__xeCJK_margin_minimum_dim=\dimen170
\l__xeCJK_kerning_total_width_dim=\dimen171
\l__xeCJK_same_align_margin_dim=\dimen172
\l__xeCJK_different_align_margin_dim=\dimen173
\l__xeCJK_kerning_margin_width_dim=\dimen174
\l__xeCJK_kerning_margin_minimum_dim=\dimen175
\l__xeCJK_bound_dim=\dimen176
\l__xeCJK_reverse_bound_dim=\dimen177
\l__xeCJK_margin_dim=\dimen178
\l__xeCJK_minimum_bound_dim=\dimen179
\l__xeCJK_kerning_margin_dim=\dimen180
\g__xeCJK_family_int=\count288
\l__xeCJK_fam_int=\count289
\g__xeCJK_fam_allocation_int=\count290
\l__xeCJK_verb_case_int=\count291
\l__xeCJK_verb_exspace_skip=\skip59
 (c:/texlive/2021/texmf-dist/tex/latex/fontspec/fontspec.sty
Package: fontspec 2020/02/21 v2.7i Font selection for XeLaTeX and LuaLaTeX
 (c:/texlive/2021/texmf-dist/tex/latex/fontspec/fontspec-xetex.sty
Package: fontspec-xetex 2020/02/21 v2.7i Font selection for XeLaTeX and LuaLaTeX
\l__fontspec_script_int=\count292
\l__fontspec_language_int=\count293
\l__fontspec_strnum_int=\count294
\l__fontspec_tmp_int=\count295
\l__fontspec_tmpa_int=\count296
\l__fontspec_tmpb_int=\count297
\l__fontspec_tmpc_int=\count298
\l__fontspec_em_int=\count299
\l__fontspec_emdef_int=\count300
\l__fontspec_strong_int=\count301
\l__fontspec_strongdef_int=\count302
\l__fontspec_tmpa_dim=\dimen181
\l__fontspec_tmpb_dim=\dimen182
\l__fontspec_tmpc_dim=\dimen183
 (c:/texlive/2021/texmf-dist/tex/latex/base/fontenc.sty
Package: fontenc 2021/04/29 v2.0v Standard LaTeX package
) (c:/texlive/2021/texmf-dist/tex/latex/fontspec/fontspec.cfg))) (c:/texlive/2021/texmf-dist/tex/xelatex/xecjk/xeCJK.cfg
File: xeCJK.cfg 2021/06/20 v3.8.7 Configuration file for xeCJK package
))
\ccwd=\dimen184
\l__ctex_ccglue_skip=\skip60
)
\l__ctex_ziju_dim=\dimen185
 (c:/texlive/2021/texmf-dist/tex/latex/zhnumber/zhnumber.sty
Package: zhnumber 2020/05/01 v2.8 Typesetting numbers with Chinese glyphs
\l__zhnum_scale_int=\count303
 (c:/texlive/2021/texmf-dist/tex/latex/zhnumber/zhnumber-utf8.cfg
File: zhnumber-utf8.cfg 2020/05/01 v2.8 Chinese numerals with UTF8 encoding
)) (c:/texlive/2021/texmf-dist/tex/latex/ctex/scheme/ctex-scheme-chinese.def
File: ctex-scheme-chinese.def 2021/06/20 v2.5.7 Chinese scheme for generic (CTEX)
 (c:/texlive/2021/texmf-dist/tex/latex/ctex/config/ctex-name-utf8.cfg
File: ctex-name-utf8.cfg 2021/06/20 v2.5.7 Caption with encoding UTF-8 (CTEX)
)) (c:/texlive/2021/texmf-dist/tex/latex/tools/indentfirst.sty
Package: indentfirst 1995/11/23 v1.03 Indent first paragraph (DPC)
) (c:/texlive/2021/texmf-dist/tex/latex/ctex/ctex-c5size.clo
File: ctex-c5size.clo 2021/06/20 v2.5.7 c5size option (CTEX)
) (c:/texlive/2021/texmf-dist/tex/latex/ctex/fontset/ctex-fontset-windows.def
File: ctex-fontset-windows.def 2021/06/20 v2.5.7 Windows fonts definition (CTEX)

Package fontspec Info: Could not resolve font "KaiTi/B" (it probably doesn't
(fontspec)             exist).


Package fontspec Info: Could not resolve font "SimHei/I" (it probably doesn't
(fontspec)             exist).


Package fontspec Info: Could not resolve font "SimSun/BI" (it probably doesn't
(fontspec)             exist).


Package fontspec Info: Font family 'SimSun(0)' created for font 'SimSun' with
(fontspec)             options
(fontspec)             [Script={CJK},BoldFont={SimHei},ItalicFont={KaiTi}].
(fontspec)              
(fontspec)              This font family consists of the following NFSS
(fontspec)             series/shapes:
(fontspec)              
(fontspec)             - 'normal' (m/n) with NFSS spec.:
(fontspec)             <->"SimSun/OT:script=hani;language=dflt;"
(fontspec)             - 'small caps'  (m/sc) with NFSS spec.: 
(fontspec)             - 'bold' (b/n) with NFSS spec.:
(fontspec)             <->"SimHei/OT:script=hani;language=dflt;"
(fontspec)             - 'bold small caps'  (b/sc) with NFSS spec.: 
(fontspec)             - 'italic' (m/it) with NFSS spec.:
(fontspec)             <->"KaiTi/OT:script=hani;language=dflt;"
(fontspec)             - 'italic small caps'  (m/scit) with NFSS spec.: 

)) (c:/texlive/2021/texmf-dist/tex/latex/ctex/config/ctex.cfg
File: ctex.cfg 2021/06/20 v2.5.7 Configuration file (CTEX)
) (c:/texlive/2021/texmf-dist/tex/latex/unicode-math/unicode-math.sty
Package: unicode-math 2020/01/31 v0.8q Unicode maths in XeLaTeX and LuaLaTeX
 (c:/texlive/2021/texmf-dist/tex/latex/unicode-math/unicode-math-xetex.sty
Package: unicode-math-xetex 2020/01/31 v0.8q Unicode maths in XeLaTeX and LuaLaTeX
 (c:/texlive/2021/texmf-dist/tex/latex/amsmath/amsmath.sty
Package: amsmath 2021/04/20 v2.17j AMS math features
\@mathmargin=\skip61

For additional information on amsmath, use the `?' option.
(c:/texlive/2021/texmf-dist/tex/latex/amsmath/amstext.sty
Package: amstext 2000/06/29 v2.01 AMS text
 (c:/texlive/2021/texmf-dist/tex/latex/amsmath/amsgen.sty
File: amsgen.sty 1999/11/30 v2.0 generic functions
\@emptytoks=\toks18
\ex@=\dimen186
)) (c:/texlive/2021/texmf-dist/tex/latex/amsmath/amsbsy.sty
Package: amsbsy 1999/11/29 v1.2d Bold Symbols
\pmbraise@=\dimen187
) (c:/texlive/2021/texmf-dist/tex/latex/amsmath/amsopn.sty
Package: amsopn 2016/03/08 v2.02 operator names
)
\inf@bad=\count304
LaTeX Info: Redefining \frac on input line 234.
\uproot@=\count305
\leftroot@=\count306
LaTeX Info: Redefining \overline on input line 399.
\classnum@=\count307
\DOTSCASE@=\count308
LaTeX Info: Redefining \ldots on input line 496.
LaTeX Info: Redefining \dots on input line 499.
LaTeX Info: Redefining \cdots on input line 620.
\Mathstrutbox@=\box99
\strutbox@=\box100
\big@size=\dimen188
LaTeX Font Info:    Redeclaring font encoding OML on input line 743.
LaTeX Font Info:    Redeclaring font encoding OMS on input line 744.
\macc@depth=\count309
\c@MaxMatrixCols=\count310
\dotsspace@=\muskip17
\c@parentequation=\count311
\dspbrk@lvl=\count312
\tag@help=\toks19
\row@=\count313
\column@=\count314
\maxfields@=\count315
\andhelp@=\toks20
\eqnshift@=\dimen189
\alignsep@=\dimen190
\tagshift@=\dimen191
\tagwidth@=\dimen192
\totwidth@=\dimen193
\lineht@=\dimen194
\@envbody=\toks21
\multlinegap=\skip62
\multlinetaggap=\skip63
\mathdisplay@stack=\toks22
LaTeX Info: Redefining \[ on input line 2923.
LaTeX Info: Redefining \] on input line 2924.
)
\g__um_fam_int=\count316
\g__um_fonts_used_int=\count317
\l__um_primecount_int=\count318
\g__um_primekern_muskip=\muskip18
 (c:/texlive/2021/texmf-dist/tex/latex/unicode-math/unicode-math-table.tex))) (c:/texlive/2021/texmf-dist/tex/latex/caption/caption.sty
Package: caption 2020/10/26 v3.5g Customizing captions (AR)
 (c:/texlive/2021/texmf-dist/tex/latex/caption/caption3.sty
Package: caption3 2020/10/21 v2.2e caption3 kernel (AR)
 (c:/texlive/2021/texmf-dist/tex/latex/graphics/keyval.sty
Package: keyval 2014/10/28 v1.15 key=value parser (DPC)
\KV@toks@=\toks23
)
\captionmargin=\dimen195
\captionmargin@=\dimen196
\captionwidth=\dimen197
\caption@tempdima=\dimen198
\caption@indent=\dimen199
\caption@parindent=\dimen256
\caption@hangindent=\dimen257
Package caption Info: Standard document class detected.
)
\c@caption@flags=\count319
\c@continuedfloat=\count320
) (c:/texlive/2021/texmf-dist/tex/latex/booktabs/booktabs.sty
Package: booktabs 2020/01/12 v1.61803398 Publication quality tables
\heavyrulewidth=\dimen258
\lightrulewidth=\dimen259
\cmidrulewidth=\dimen260
\belowrulesep=\dimen261
\belowbottomsep=\dimen262
\aboverulesep=\dimen263
\abovetopsep=\dimen264
\cmidrulesep=\dimen265
\cmidrulekern=\dimen266
\defaultaddspace=\dimen267
\@cmidla=\count321
\@cmidlb=\count322
\@aboverulesep=\dimen268
\@belowrulesep=\dimen269
\@thisruleclass=\count323
\@lastruleclass=\count324
\@thisrulewidth=\dimen270
) (c:/texlive/2021/texmf-dist/tex/latex/xcolor/xcolor.sty
Package: xcolor 2016/05/11 v2.12 LaTeX color extensions (UK)
 (c:/texlive/2021/texmf-dist/tex/latex/graphics-cfg/color.cfg
File: color.cfg 2016/01/02 v1.6 sample color configuration
)
Package xcolor Info: Driver file: xetex.def on input line 225.
 (c:/texlive/2021/texmf-dist/tex/latex/graphics-def/xetex.def
File: xetex.def 2021/03/18 v5.0k Graphics/color driver for xetex
)
Package xcolor Info: Model `cmy' substituted by `cmy0' on input line 1348.
Package xcolor Info: Model `RGB' extended on input line 1364.
Package xcolor Info: Model `HTML' substituted by `rgb' on input line 1366.
Package xcolor Info: Model `Hsb' substituted by `hsb' on input line 1367.
Package xcolor Info: Model `tHsb' substituted by `hsb' on input line 1368.
Package xcolor Info: Model `HSB' substituted by `hsb' on input line 1369.
Package xcolor Info: Model `Gray' substituted by `gray' on input line 1370.
Package xcolor Info: Model `wave' substituted by `hsb' on input line 1371.
) (c:/texlive/2021/texmf-dist/tex/latex/listings/listings.sty
\lst@mode=\count325
\lst@gtempboxa=\box101
\lst@token=\toks24
\lst@length=\count326
\lst@currlwidth=\dimen271
\lst@column=\count327
\lst@pos=\count328
\lst@lostspace=\dimen272
\lst@width=\dimen273
\lst@newlines=\count329
\lst@lineno=\count330
\lst@maxwidth=\dimen274
 (c:/texlive/2021/texmf-dist/tex/latex/listings/lstmisc.sty
File: lstmisc.sty 2020/03/24 1.8d (Carsten Heinz)
\c@lstnumber=\count331
\lst@skipnumbers=\count332
\lst@framebox=\box102
) (c:/texlive/2021/texmf-dist/tex/latex/listings/listings.cfg
File: listings.cfg 2020/03/24 1.8d listings configuration
))
Package: listings 2020/03/24 1.8d (Carsten Heinz)
 (c:/texlive/2021/texmf-dist/tex/xelatex/xecjk/xeCJK-listings.sty
Package: xeCJK-listings 2021/06/20 v3.8.7 xeCJK patch file for listings
\l__xeCJK_listings_max_char_int=\count333
\l__xeCJK_listings_flag_int=\count334
) (c:/texlive/2021/texmf-dist/tex/latex/footmisc/footmisc.sty
Package: footmisc 2011/06/06 v5.5b a miscellany of footnote facilities
\FN@temptoken=\toks25
\footnotemargin=\dimen275
\c@pp@next@reset=\count335
\c@@fnserial=\count336
Package footmisc Info: Declaring symbol style bringhurst on input line 855.
Package footmisc Info: Declaring symbol style chicago on input line 863.
Package footmisc Info: Declaring symbol style wiley on input line 872.
Package footmisc Info: Declaring symbol style lamport-robust on input line 883.
Package footmisc Info: Declaring symbol style lamport* on input line 903.
Package footmisc Info: Declaring symbol style lamport*-robust on input line 924.
) (c:/texlive/2021/texmf-dist/tex/latex/oberdiek/hypdoc.sty
Package: hypdoc 2018/09/07 v1.14 Hyper extensions for doc.sty (HO)
 (c:/texlive/2021/texmf-dist/tex/latex/base/atveryend-ltx.sty
Package: atveryend-ltx 2020/08/19 v1.0a Emulation of the original atvery package
with kernel methods
) (c:/texlive/2021/texmf-dist/tex/latex/hyperref/hyperref.sty
Package: hyperref 2021-06-07 v7.00m Hypertext links for LaTeX
 (c:/texlive/2021/texmf-dist/tex/generic/ltxcmds/ltxcmds.sty
Package: ltxcmds 2020-05-10 v1.25 LaTeX kernel commands for general use (HO)
) (c:/texlive/2021/texmf-dist/tex/generic/iftex/iftex.sty
Package: iftex 2020/03/06 v1.0d TeX engine tests
) (c:/texlive/2021/texmf-dist/tex/generic/pdftexcmds/pdftexcmds.sty
Package: pdftexcmds 2020-06-27 v0.33 Utility functions of pdfTeX for LuaTeX (HO)
 (c:/texlive/2021/texmf-dist/tex/generic/infwarerr/infwarerr.sty
Package: infwarerr 2019/12/03 v1.5 Providing info/warning/error messages (HO)
)
Package pdftexcmds Info: \pdf@primitive is available.
Package pdftexcmds Info: \pdf@ifprimitive is available.
Package pdftexcmds Info: \pdfdraftmode not found.
) (c:/texlive/2021/texmf-dist/tex/generic/kvsetkeys/kvsetkeys.sty
Package: kvsetkeys 2019/12/15 v1.18 Key value parser (HO)
) (c:/texlive/2021/texmf-dist/tex/generic/kvdefinekeys/kvdefinekeys.sty
Package: kvdefinekeys 2019-12-19 v1.6 Define keys (HO)
) (c:/texlive/2021/texmf-dist/tex/generic/pdfescape/pdfescape.sty
Package: pdfescape 2019/12/09 v1.15 Implements pdfTeX's escape features (HO)
) (c:/texlive/2021/texmf-dist/tex/latex/hycolor/hycolor.sty
Package: hycolor 2020-01-27 v1.10 Color options for hyperref/bookmark (HO)
) (c:/texlive/2021/texmf-dist/tex/latex/letltxmacro/letltxmacro.sty
Package: letltxmacro 2019/12/03 v1.6 Let assignment for LaTeX macros (HO)
) (c:/texlive/2021/texmf-dist/tex/latex/auxhook/auxhook.sty
Package: auxhook 2019-12-17 v1.6 Hooks for auxiliary files (HO)
) (c:/texlive/2021/texmf-dist/tex/latex/kvoptions/kvoptions.sty
Package: kvoptions 2020-10-07 v3.14 Key value format for package options (HO)
)
\@linkdim=\dimen276
\Hy@linkcounter=\count337
\Hy@pagecounter=\count338
 (c:/texlive/2021/texmf-dist/tex/latex/hyperref/pd1enc.def
File: pd1enc.def 2021-06-07 v7.00m Hyperref: PDFDocEncoding definition (HO)
) (c:/texlive/2021/texmf-dist/tex/latex/hyperref/hyperref-langpatches.def
File: hyperref-langpatches.def 2021-06-07 v7.00m Hyperref: patches for babel languages
) (c:/texlive/2021/texmf-dist/tex/generic/intcalc/intcalc.sty
Package: intcalc 2019/12/15 v1.3 Expandable calculations with integers (HO)
) (c:/texlive/2021/texmf-dist/tex/generic/etexcmds/etexcmds.sty
Package: etexcmds 2019/12/15 v1.7 Avoid name clashes with e-TeX commands (HO)
)
\Hy@SavedSpaceFactor=\count339
 (c:/texlive/2021/texmf-dist/tex/latex/hyperref/puenc.def
File: puenc.def 2021-06-07 v7.00m Hyperref: PDF Unicode definition (HO)
)
Package hyperref Info: Option `unicode' set `true' on input line 4073.
Package hyperref Info: Option `hyperindex' set `false' on input line 4073.
Package hyperref Info: Option `pdfusetitle' set `true' on input line 4073.
Package hyperref Info: Option `colorlinks' set `true' on input line 4073.
Package hyperref Info: Option `pdfpagelabels' set `true' on input line 4073.
Package hyperref Info: Hyper figures OFF on input line 4192.
Package hyperref Info: Link nesting OFF on input line 4197.
Package hyperref Info: Hyper index OFF on input line 4202.
Package hyperref Info: Plain pages OFF on input line 4207.
Package hyperref Info: Backreferencing OFF on input line 4212.
Package hyperref Info: Implicit mode ON; LaTeX internals redefined.
Package hyperref Info: Bookmarks ON on input line 4445.
\c@Hy@tempcnt=\count340
 (c:/texlive/2021/texmf-dist/tex/latex/url/url.sty
\Urlmuskip=\muskip19
Package: url 2013/09/16  ver 3.4  Verb mode for urls, etc.
)
LaTeX Info: Redefining \url on input line 4804.
\XeTeXLinkMargin=\dimen277
 (c:/texlive/2021/texmf-dist/tex/generic/bitset/bitset.sty
Package: bitset 2019/12/09 v1.3 Handle bit-vector datatype (HO)
 (c:/texlive/2021/texmf-dist/tex/generic/bigintcalc/bigintcalc.sty
Package: bigintcalc 2019/12/15 v1.5 Expandable calculations on big integers (HO)
))
\Fld@menulength=\count341
\Field@Width=\dimen278
\Fld@charsize=\dimen279
Package hyperref Info: Hyper figures OFF on input line 6076.
Package hyperref Info: Link nesting OFF on input line 6081.
Package hyperref Info: Hyper index OFF on input line 6086.
Package hyperref Info: backreferencing OFF on input line 6091.
Package hyperref Info: Link coloring ON on input line 6094.
Package hyperref Info: Link coloring with OCG OFF on input line 6101.
Package hyperref Info: PDF/A mode OFF on input line 6106.
LaTeX Info: Redefining \ref on input line 6146.
LaTeX Info: Redefining \pageref on input line 6150.
 (c:/texlive/2021/texmf-dist/tex/latex/base/atbegshi-ltx.sty
Package: atbegshi-ltx 2021/01/10 v1.0c Emulation of the original atbegshi
package with kernel methods
)
\Hy@abspage=\count342
\c@Item=\count343
\c@Hfootnote=\count344
)
Package hyperref Info: Driver (autodetected): hxetex.
 (c:/texlive/2021/texmf-dist/tex/latex/hyperref/hxetex.def
File: hxetex.def 2021-06-07 v7.00m Hyperref driver for XeTeX
 (c:/texlive/2021/texmf-dist/tex/generic/stringenc/stringenc.sty
Package: stringenc 2019/11/29 v1.12 Convert strings between diff. encodings (HO)
)
\pdfm@box=\box103
\c@Hy@AnnotLevel=\count345
\HyField@AnnotCount=\count346
\Fld@listcount=\count347
\c@bookmark@seq@number=\count348
 (c:/texlive/2021/texmf-dist/tex/latex/rerunfilecheck/rerunfilecheck.sty
Package: rerunfilecheck 2019/12/05 v1.9 Rerun checks for auxiliary files (HO)
 (c:/texlive/2021/texmf-dist/tex/generic/uniquecounter/uniquecounter.sty
Package: uniquecounter 2019/12/15 v1.4 Provide unlimited unique counter (HO)
)
Package uniquecounter Info: New unique counter `rerunfilecheck' on input line 286.
)
\Hy@SectionHShift=\skip64
)
Package hyperref Info: Option `plainpages' set `false' on input line 64.
Package hyperref Info: Option `bookmarksopen' set `true' on input line 64.
Package hyperref Info: Option `bookmarksnumbered' set `true' on input line 64.
\c@HD@unique=\count349
\c@HD@hypercount=\count350
\HD@helplength=\skip65
)

Package fontspec Info: Font family 'XITSMath-Regular(0)' created for font
(fontspec)             'XITSMath-Regular' with options
(fontspec)             [BoldItalicFont={},ItalicFont={},SmallCapsFont={},Script=Math,Extension={.otf},BoldFont={XITSMath-Bold},StylisticSet={8}].
(fontspec)              
(fontspec)              This font family consists of the following NFSS
(fontspec)             series/shapes:
(fontspec)              
(fontspec)             - 'normal' (m/n) with NFSS spec.:
(fontspec)             <->"[XITSMath-Regular.otf]/OT:script=math;language=dflt;+ss08;"
(fontspec)             - 'small caps'  (m/sc) with NFSS spec.: 
(fontspec)             - 'bold' (b/n) with NFSS spec.:
(fontspec)             <->"[XITSMath-Bold.otf]/OT:script=math;language=dflt;+ss08;"
(fontspec)             - 'bold small caps'  (b/sc) with NFSS spec.: 


Package fontspec Info: Font family 'XITSMath-Regular(1)' created for font
(fontspec)             'XITSMath-Regular' with options
(fontspec)             [BoldItalicFont={},ItalicFont={},SmallCapsFont={},Script=Math,SizeFeatures={{Size=9.22194875-},{Size=7.11407475-9.22194875,Font=XITSMath-Regular,Style=MathScript},{Size=-7.11407475,Font=XITSMath-Regular,Style=MathScriptScript}},Extension={.otf},BoldFont={XITSMath-Bold},StylisticSet={8}].
(fontspec)              
(fontspec)              This font family consists of the following NFSS
(fontspec)             series/shapes:
(fontspec)              
(fontspec)             - 'normal' (m/n) with NFSS spec.:
(fontspec)             <9.22194875->"[XITSMath-Regular.otf]/OT:script=math;language=dflt;+ss08;"<7.11407475-9.22194875>"[XITSMath-Regular.otf]/OT:script=math;language=dflt;+ss08;+ssty=0;"<-7.11407475>"[XITSMath-Regular.otf]/OT:script=math;language=dflt;+ss08;+ssty=1;"
(fontspec)             - 'small caps'  (m/sc) with NFSS spec.: 
(fontspec)             - 'bold' (b/n) with NFSS spec.:
(fontspec)             <->"[XITSMath-Bold.otf]/OT:script=math;language=dflt;+ss08;"
(fontspec)             - 'bold small caps'  (b/sc) with NFSS spec.: 

LaTeX Font Info:    Encoding `OT1' has changed to `TU' for symbol font
(Font)              `operators' in the math version `normal' on input line 55.
LaTeX Font Info:    Overwriting symbol font `operators' in version `normal'
(Font)                  OT1/cmr/m/n --> TU/XITSMath-Regular(1)/m/n on input line 55.
LaTeX Font Info:    Encoding `OT1' has changed to `TU' for symbol font
(Font)              `operators' in the math version `bold' on input line 55.
LaTeX Font Info:    Overwriting symbol font `operators' in version `bold'
(Font)                  OT1/cmr/bx/n --> TU/XITSMath-Regular(1)/b/n on input line 55.

Package fontspec Info: XITSMath-Regular scale = 1.0001.


Package fontspec Info: XITSMath-Regular scale = 1.0001.


Package fontspec Info: XITSMath-Regular scale = 1.0001.


Package fontspec Info: XITSMath-Regular scale = 1.0001.


Package fontspec Info: XITSMath-Bold scale = 1.0001.


Package fontspec Info: Font family 'XITSMath-Regular(2)' created for font
(fontspec)             'XITSMath-Regular' with options
(fontspec)             [BoldItalicFont={},ItalicFont={},SmallCapsFont={},Script=Math,SizeFeatures={{Size=9.22194875-},{Size=7.11407475-9.22194875,Font=XITSMath-Regular,Style=MathScript},{Size=-7.11407475,Font=XITSMath-Regular,Style=MathScriptScript}},Extension={.otf},BoldFont={XITSMath-Bold},StylisticSet={8},ScaleAgain=1.0001,FontAdjustment={\fontdimen
(fontspec)             8\font =6.11284pt\relax \fontdimen 9\font
(fontspec)             =5.0589pt\relax \fontdimen 10\font =5.0589pt\relax
(fontspec)             \fontdimen 11\font =7.37756pt\relax \fontdimen 12\font
(fontspec)             =5.0589pt\relax \fontdimen 13\font =4.21574pt\relax
(fontspec)             \fontdimen 14\font =4.21574pt\relax \fontdimen 15\font
(fontspec)             =2.89833pt\relax \fontdimen 16\font =2.63484pt\relax
(fontspec)             \fontdimen 17\font =2.63484pt\relax \fontdimen 18\font
(fontspec)             =3.95227pt\relax \fontdimen 19\font =0.52696pt\relax
(fontspec)             \fontdimen 22\font =2.63484pt\relax \fontdimen 20\font
(fontspec)             =0pt\relax \fontdimen 21\font =0pt\relax }].
(fontspec)              
(fontspec)              This font family consists of the following NFSS
(fontspec)             series/shapes:
(fontspec)              
(fontspec)             - 'normal' (m/n) with NFSS spec.:
(fontspec)             <9.22194875->s*[1.0001]"[XITSMath-Regular.otf]/OT:script=math;language=dflt;+ss08;"<7.11407475-9.22194875>s*[1.0001]"[XITSMath-Regular.otf]/OT:script=math;language=dflt;+ss08;+ssty=0;"<-7.11407475>s*[1.0001]"[XITSMath-Regular.otf]/OT:script=math;language=dflt;+ss08;+ssty=1;"
(fontspec)             - 'small caps'  (m/sc) with NFSS spec.: 
(fontspec)             and font adjustment code:
(fontspec)             \fontdimen 8\font =6.11284pt\relax \fontdimen 9\font
(fontspec)             =5.0589pt\relax \fontdimen 10\font =5.0589pt\relax
(fontspec)             \fontdimen 11\font =7.37756pt\relax \fontdimen 12\font
(fontspec)             =5.0589pt\relax \fontdimen 13\font =4.21574pt\relax
(fontspec)             \fontdimen 14\font =4.21574pt\relax \fontdimen 15\font
(fontspec)             =2.89833pt\relax \fontdimen 16\font =2.63484pt\relax
(fontspec)             \fontdimen 17\font =2.63484pt\relax \fontdimen 18\font
(fontspec)             =3.95227pt\relax \fontdimen 19\font =0.52696pt\relax
(fontspec)             \fontdimen 22\font =2.63484pt\relax \fontdimen 20\font
(fontspec)             =0pt\relax \fontdimen 21\font =0pt\relax 
(fontspec)             - 'bold' (b/n) with NFSS spec.:
(fontspec)             <->s*[1.0001]"[XITSMath-Bold.otf]/OT:script=math;language=dflt;+ss08;"
(fontspec)             - 'bold small caps'  (b/sc) with NFSS spec.: 
(fontspec)             and font adjustment code:
(fontspec)             \fontdimen 8\font =6.11284pt\relax \fontdimen 9\font
(fontspec)             =5.0589pt\relax \fontdimen 10\font =5.0589pt\relax
(fontspec)             \fontdimen 11\font =7.37756pt\relax \fontdimen 12\font
(fontspec)             =5.0589pt\relax \fontdimen 13\font =4.21574pt\relax
(fontspec)             \fontdimen 14\font =4.21574pt\relax \fontdimen 15\font
(fontspec)             =2.89833pt\relax \fontdimen 16\font =2.63484pt\relax
(fontspec)             \fontdimen 17\font =2.63484pt\relax \fontdimen 18\font
(fontspec)             =3.95227pt\relax \fontdimen 19\font =0.52696pt\relax
(fontspec)             \fontdimen 22\font =2.63484pt\relax \fontdimen 20\font
(fontspec)             =0pt\relax \fontdimen 21\font =0pt\relax 

LaTeX Font Info:    Encoding `OMS' has changed to `TU' for symbol font
(Font)              `symbols' in the math version `normal' on input line 55.
LaTeX Font Info:    Overwriting symbol font `symbols' in version `normal'
(Font)                  OMS/cmsy/m/n --> TU/XITSMath-Regular(2)/m/n on input line 55.
LaTeX Font Info:    Encoding `OMS' has changed to `TU' for symbol font
(Font)              `symbols' in the math version `bold' on input line 55.
LaTeX Font Info:    Overwriting symbol font `symbols' in version `bold'
(Font)                  OMS/cmsy/b/n --> TU/XITSMath-Regular(2)/b/n on input line 55.

Package fontspec Info: XITSMath-Regular scale = 0.9999.


Package fontspec Info: XITSMath-Regular scale = 0.9999.


Package fontspec Info: XITSMath-Regular scale = 0.9999.


Package fontspec Info: XITSMath-Regular scale = 0.9999.


Package fontspec Info: XITSMath-Bold scale = 0.9999.


Package fontspec Info: Font family 'XITSMath-Regular(3)' created for font
(fontspec)             'XITSMath-Regular' with options
(fontspec)             [BoldItalicFont={},ItalicFont={},SmallCapsFont={},Script=Math,SizeFeatures={{Size=9.22194875-},{Size=7.11407475-9.22194875,Font=XITSMath-Regular,Style=MathScript},{Size=-7.11407475,Font=XITSMath-Regular,Style=MathScriptScript}},Extension={.otf},BoldFont={XITSMath-Bold},StylisticSet={8},ScaleAgain=0.9999,FontAdjustment={\fontdimen
(fontspec)             8\font =0.6956pt\relax \fontdimen 9\font
(fontspec)             =1.5809pt\relax \fontdimen 10\font =1.5809pt\relax
(fontspec)             \fontdimen 11\font =3.1618pt\relax \fontdimen 12\font
(fontspec)             =6.32362pt\relax \fontdimen 13\font =0pt\relax }].
(fontspec)              
(fontspec)              This font family consists of the following NFSS
(fontspec)             series/shapes:
(fontspec)              
(fontspec)             - 'normal' (m/n) with NFSS spec.:
(fontspec)             <9.22194875->s*[0.9999]"[XITSMath-Regular.otf]/OT:script=math;language=dflt;+ss08;"<7.11407475-9.22194875>s*[0.9999]"[XITSMath-Regular.otf]/OT:script=math;language=dflt;+ss08;+ssty=0;"<-7.11407475>s*[0.9999]"[XITSMath-Regular.otf]/OT:script=math;language=dflt;+ss08;+ssty=1;"
(fontspec)             - 'small caps'  (m/sc) with NFSS spec.: 
(fontspec)             and font adjustment code:
(fontspec)             \fontdimen 8\font =0.6956pt\relax \fontdimen 9\font
(fontspec)             =1.5809pt\relax \fontdimen 10\font =1.5809pt\relax
(fontspec)             \fontdimen 11\font =3.1618pt\relax \fontdimen 12\font
(fontspec)             =6.32362pt\relax \fontdimen 13\font =0pt\relax 
(fontspec)             - 'bold' (b/n) with NFSS spec.:
(fontspec)             <->s*[0.9999]"[XITSMath-Bold.otf]/OT:script=math;language=dflt;+ss08;"
(fontspec)             - 'bold small caps'  (b/sc) with NFSS spec.: 
(fontspec)             and font adjustment code:
(fontspec)             \fontdimen 8\font =0.6956pt\relax \fontdimen 9\font
(fontspec)             =1.5809pt\relax \fontdimen 10\font =1.5809pt\relax
(fontspec)             \fontdimen 11\font =3.1618pt\relax \fontdimen 12\font
(fontspec)             =6.32362pt\relax \fontdimen 13\font =0pt\relax 

LaTeX Font Info:    Encoding `OMX' has changed to `TU' for symbol font
(Font)              `largesymbols' in the math version `normal' on input line 55.
LaTeX Font Info:    Overwriting symbol font `largesymbols' in version `normal'
(Font)                  OMX/cmex/m/n --> TU/XITSMath-Regular(3)/m/n on input line 55.
LaTeX Font Info:    Encoding `OMX' has changed to `TU' for symbol font
(Font)              `largesymbols' in the math version `bold' on input line 55.
LaTeX Font Info:    Overwriting symbol font `largesymbols' in version `bold'
(Font)                  OMX/cmex/m/n --> TU/XITSMath-Regular(3)/b/n on input line 55.

Package fontspec Info: Font family 'XITSMath-Regular.otf(0)' created for font
(fontspec)             'XITSMath-Regular.otf' with options
(fontspec)             [BoldItalicFont={},ItalicFont={},SmallCapsFont={},Script=Math,SizeFeatures={{Size=9.22194875-},{Size=7.11407475-9.22194875,Font=XITSMath-Regular.otf,Style=MathScript},{Size=-7.11407475,Font=XITSMath-Regular.otf,Style=MathScriptScript}},StylisticSet={1}].
(fontspec)              
(fontspec)              This font family consists of the following NFSS
(fontspec)             series/shapes:
(fontspec)              
(fontspec)             - 'normal' (m/n) with NFSS spec.:
(fontspec)             <9.22194875->"[XITSMath-Regular.otf]/OT:script=math;language=dflt;+ss01;"<7.11407475-9.22194875>"[XITSMath-Regular.otf]/OT:script=math;language=dflt;+ss01;+ssty=0;"<-7.11407475>"[XITSMath-Regular.otf]/OT:script=math;language=dflt;+ss01;+ssty=1;"
(fontspec)             - 'small caps'  (m/sc) with NFSS spec.: 

\sym__um_fam1=\mathgroup4
LaTeX Font Info:    Overwriting symbol font `__um_fam1' in version `normal'
(Font)                  TU/XITSMath-Regular.otf(0)/m/n --> TU/XITSMath-Regular.otf(0)/m/n on input line 56.
LaTeX Font Info:    Overwriting symbol font `__um_fam1' in version `bold'
(Font)                  TU/XITSMath-Regular.otf(0)/m/n --> TU/XITSMath-Regular.otf(0)/b/n on input line 56.
Package hyperref Info: Option `bookmarksnumbered' set `true' on input line 105.
Package hyperref Info: Option `bookmarksopen' set `true' on input line 105.

No file ustcthesis-doc.aux.
\openout1 = `ustcthesis-doc.aux'.

LaTeX Font Info:    Checking defaults for OML/cmm/m/it on input line 109.
LaTeX Font Info:    ... okay on input line 109.
LaTeX Font Info:    Checking defaults for OMS/cmsy/m/n on input line 109.
LaTeX Font Info:    ... okay on input line 109.
LaTeX Font Info:    Checking defaults for OT1/cmr/m/n on input line 109.
LaTeX Font Info:    ... okay on input line 109.
LaTeX Font Info:    Checking defaults for T1/cmr/m/n on input line 109.
LaTeX Font Info:    ... okay on input line 109.
LaTeX Font Info:    Checking defaults for TS1/cmr/m/n on input line 109.
LaTeX Font Info:    ... okay on input line 109.
LaTeX Font Info:    Checking defaults for TU/lmr/m/n on input line 109.
LaTeX Font Info:    ... okay on input line 109.
LaTeX Font Info:    Checking defaults for OMX/cmex/m/n on input line 109.
LaTeX Font Info:    ... okay on input line 109.
LaTeX Font Info:    Checking defaults for U/cmr/m/n on input line 109.
LaTeX Font Info:    ... okay on input line 109.
LaTeX Font Info:    Checking defaults for PD1/pdf/m/n on input line 109.
LaTeX Font Info:    ... okay on input line 109.
LaTeX Font Info:    Checking defaults for PU/pdf/m/n on input line 109.
LaTeX Font Info:    ... okay on input line 109.
Package doc Info: Made | a short reference for \verb on input line 109.
LaTeX Font Info:    Overwriting math alphabet `\mathrm' in version `normal'
(Font)                  TU/XITSMath-Regular(1)/m/n --> TU/lmr/m/n on input line 109.
LaTeX Font Info:    Overwriting math alphabet `\mathit' in version `normal'
(Font)                  OT1/cmr/m/it --> TU/lmr/m/it on input line 109.
LaTeX Font Info:    Overwriting math alphabet `\mathbf' in version `normal'
(Font)                  OT1/cmr/bx/n --> TU/lmr/bx/n on input line 109.
LaTeX Font Info:    Overwriting math alphabet `\mathsf' in version `normal'
(Font)                  OT1/cmss/m/n --> TU/lmss/m/n on input line 109.
LaTeX Font Info:    Overwriting math alphabet `\mathsf' in version `bold'
(Font)                  OT1/cmss/bx/n --> TU/lmss/bx/n on input line 109.
LaTeX Font Info:    Overwriting math alphabet `\mathtt' in version `normal'
(Font)                  OT1/cmtt/m/n --> TU/lmtt/m/n on input line 109.
LaTeX Font Info:    Overwriting math alphabet `\mathtt' in version `bold'
(Font)                  OT1/cmtt/m/n --> TU/lmtt/bx/n on input line 109.
Package caption Info: Begin \AtBeginDocument code.
Package caption Info: hyperref package is loaded.
Package caption Info: listings package is loaded.
Package caption Info: End \AtBeginDocument code.
\c@lstlisting=\count351
Package hyperref Info: Link coloring ON on input line 109.
(c:/texlive/2021/texmf-dist/tex/latex/hyperref/nameref.sty
Package: nameref 2021-04-02 v2.47 Cross-referencing by name of section
 (c:/texlive/2021/texmf-dist/tex/latex/refcount/refcount.sty
Package: refcount 2019/12/15 v3.6 Data extraction from label references (HO)
) (c:/texlive/2021/texmf-dist/tex/generic/gettitlestring/gettitlestring.sty
Package: gettitlestring 2019/12/15 v1.6 Cleanup title references (HO)
)
\c@section@level=\count352
)
LaTeX Info: Redefining \ref on input line 109.
LaTeX Info: Redefining \pageref on input line 109.
LaTeX Info: Redefining \nameref on input line 109.
\@outlinefile=\write3
\openout3 = `ustcthesis-doc.out'.



Package hyperref Warning: Rerun to get /PageLabels entry.

(./ustcthesis-doc.hd)
\HD@savedest@out=\write4
\openout4 = `ustcthesis-doc.hd'.


Package fontspec Info: Could not resolve font "Microsoft YaHei Bold/I" (it
(fontspec)             probably doesn't exist).


Package fontspec Info: Could not resolve font "Microsoft YaHei/I" (it probably
(fontspec)             doesn't exist).


Package fontspec Info: Font family 'MicrosoftYaHei(0)' created for font
(fontspec)             'Microsoft YaHei' with options
(fontspec)             [Script={CJK},BoldFont={* Bold}].
(fontspec)              
(fontspec)              This font family consists of the following NFSS
(fontspec)             series/shapes:
(fontspec)              
(fontspec)             - 'normal' (m/n) with NFSS spec.: <->"Microsoft
(fontspec)             YaHei/OT:script=hani;language=dflt;"
(fontspec)             - 'small caps'  (m/sc) with NFSS spec.: 
(fontspec)             - 'bold' (b/n) with NFSS spec.: <->"Microsoft YaHei
(fontspec)             Bold/OT:script=hani;language=dflt;"
(fontspec)             - 'bold small caps'  (b/sc) with NFSS spec.: 
(fontspec)             - 'bold italic' (b/it) with NFSS spec.: <->"Microsoft
(fontspec)             YaHei/BI/OT:script=hani;language=dflt;"
(fontspec)             - 'bold italic small caps'  (b/scit) with NFSS spec.: 

LaTeX Font Info:    Font shape `TU/XITSMath-Regular(2)/m/n' will be
(Font)              scaled to size 12.04628pt on input line 118.
LaTeX Font Info:    Font shape `TU/XITSMath-Regular(2)/m/n' will be
(Font)              scaled to size 8.00085pt on input line 118.
LaTeX Font Info:    Font shape `TU/XITSMath-Regular(2)/m/n' will be
(Font)              scaled to size 6.00064pt on input line 118.
LaTeX Font Info:    Font shape `TU/XITSMath-Regular(3)/m/n' will be
(Font)              scaled to size 12.0437pt on input line 118.
LaTeX Font Info:    Font shape `TU/XITSMath-Regular(3)/m/n' will be
(Font)              scaled to size 7.99915pt on input line 118.
LaTeX Font Info:    Font shape `TU/XITSMath-Regular(3)/m/n' will be
(Font)              scaled to size 5.99936pt on input line 118.
LaTeX Font Info:    Font shape `TU/XITSMath-Regular(2)/m/n' will be
(Font)              scaled to size 7.52892pt on input line 118.
LaTeX Font Info:    Font shape `TU/XITSMath-Regular(2)/m/n' will be
(Font)              scaled to size 5.00053pt on input line 118.
LaTeX Font Info:    Font shape `TU/XITSMath-Regular(3)/m/n' will be
(Font)              scaled to size 7.52731pt on input line 118.
LaTeX Font Info:    Font shape `TU/XITSMath-Regular(3)/m/n' will be
(Font)              scaled to size 4.99947pt on input line 118.
LaTeX Font Info:    Font shape `TU/XITSMath-Regular(2)/m/n' will be
(Font)              scaled to size 10.54048pt on input line 123.
LaTeX Font Info:    Font shape `TU/XITSMath-Regular(2)/m/n' will be
(Font)              scaled to size 7.90536pt on input line 123.
LaTeX Font Info:    Font shape `TU/XITSMath-Regular(2)/m/n' will be
(Font)              scaled to size 6.3243pt on input line 123.
LaTeX Font Info:    Font shape `TU/XITSMath-Regular(3)/m/n' will be
(Font)              scaled to size 10.53824pt on input line 123.
LaTeX Font Info:    Font shape `TU/XITSMath-Regular(3)/m/n' will be
(Font)              scaled to size 7.90367pt on input line 123.
LaTeX Font Info:    Font shape `TU/XITSMath-Regular(3)/m/n' will be
(Font)              scaled to size 6.32294pt on input line 123.

Package fontspec Info: Could not resolve font "FangSong/BI" (it probably
(fontspec)             doesn't exist).


Package fontspec Info: Could not resolve font "FangSong/B" (it probably
(fontspec)             doesn't exist).


Package fontspec Info: Could not resolve font "FangSong/I" (it probably
(fontspec)             doesn't exist).


Package fontspec Info: Font family 'FangSong(0)' created for font 'FangSong'
(fontspec)             with options [Script={CJK}].
(fontspec)              
(fontspec)              This font family consists of the following NFSS
(fontspec)             series/shapes:
(fontspec)              
(fontspec)             - 'normal' (m/n) with NFSS spec.:
(fontspec)             <->"FangSong/OT:script=hani;language=dflt;"
(fontspec)             - 'small caps'  (m/sc) with NFSS spec.: 


Overfull \hbox (0.68108pt too wide) in paragraph at lines 139--141
[]\TU/SimSun(0)/m/n/10.53937 研 究 生 院 网 站  |（版 本 较 旧） ：| [][]$[][][][][] [] [] [] [][][][][][][][][][] [] [][][][] [] [][][] [] [][] [] [][][][][][] []
 []


LaTeX Warning: Reference `tab:files' on page 1 undefined on input line 155.

LaTeX Font Info:    Font shape `TU/XITSMath-Regular(2)/m/n' will be
(Font)              scaled to size 9.0347pt on input line 160.
LaTeX Font Info:    Font shape `TU/XITSMath-Regular(3)/m/n' will be
(Font)              scaled to size 9.03276pt on input line 160.
[1

] (c:/texlive/2021/texmf-dist/tex/latex/listings/lstlang1.sty
File: lstlang1.sty 2020/03/24 1.8d listings language file
) (c:/texlive/2021/texmf-dist/tex/latex/listings/lstlang1.sty
File: lstlang1.sty 2020/03/24 1.8d listings language file
) [2] (c:/texlive/2021/texmf-dist/tex/latex/listings/lstlang1.sty
File: lstlang1.sty 2020/03/24 1.8d listings language file
) (c:/texlive/2021/texmf-dist/tex/latex/listings/lstlang2.sty
File: lstlang2.sty 2020/03/24 1.8d listings language file
) (c:/texlive/2021/texmf-dist/tex/latex/listings/lstlang3.sty
File: lstlang3.sty 2020/03/24 1.8d listings language file
) (c:/texlive/2021/texmf-dist/tex/latex/listings/lstlang1.sty
File: lstlang1.sty 2020/03/24 1.8d listings language file
) (c:/texlive/2021/texmf-dist/tex/latex/listings/lstlang2.sty
File: lstlang2.sty 2020/03/24 1.8d listings language file
) (c:/texlive/2021/texmf-dist/tex/latex/listings/lstlang3.sty
File: lstlang3.sty 2020/03/24 1.8d listings language file
) (c:/texlive/2021/texmf-dist/tex/latex/listings/lstlang1.sty
File: lstlang1.sty 2020/03/24 1.8d listings language file
) (c:/texlive/2021/texmf-dist/tex/latex/listings/lstlang2.sty
File: lstlang2.sty 2020/03/24 1.8d listings language file
) (c:/texlive/2021/texmf-dist/tex/latex/listings/lstlang3.sty
File: lstlang3.sty 2020/03/24 1.8d listings language file
) (c:/texlive/2021/texmf-dist/tex/latex/listings/lstmisc.sty
File: lstmisc.sty 2020/03/24 1.8d (Carsten Heinz)
)
LaTeX Font Info:    Font shape `TU/lmtt/bx/n' in size <9.03374> not available
(Font)              Font shape `TU/lmtt/b/n' tried instead on input line 288.
 [3]

LaTeX Warning: Reference `tab:fontset' on page 4 undefined on input line 332.


Overfull \hbox (33.88547pt too wide) in paragraph at lines 339--350
 [][] 
 []

[4]

LaTeX Warning: Marginpar on page 5 moved.


LaTeX Warning: Reference `tab:covercmds' on page 5 undefined on input line 404.

[5]

LaTeX Warning: Marginpar on page 6 moved.


LaTeX Warning: Marginpar on page 6 moved.


LaTeX Warning: Marginpar on page 6 moved.


LaTeX Warning: Marginpar on page 6 moved.


LaTeX Warning: Marginpar on page 6 moved.


LaTeX Warning: Marginpar on page 6 moved.


LaTeX Warning: Marginpar on page 6 moved.

[6] [7]

LaTeX Warning: Marginpar on page 8 moved.


Overfull \hbox (1.82033pt too wide) in paragraph at lines 556--563
[][]\TU/SimSun(0)/m/n/10.53937 模 板 使 用 默 认 使 用 \TU/lmr/m/n/10.53937 XITS Math \TU/SimSun(0)/m/n/10.53937 作 为 数 学 字 体。|  用 户 也 可 以 使 用 \TU/lmtt/m/n/10.53937 math-font
 []

[8]

LaTeX Font Warning: Font shape `TU/lmr/bx/sc' undefined
(Font)              using `TU/lmr/bx/n' instead on input line 590.


Package hyperref Warning: Token not allowed in a PDF string (Unicode):
(hyperref)                \kern -0.527pt
(hyperref)                removed on input line 590.


Package hyperref Warning: Token not allowed in a PDF string (Unicode):
(hyperref)                \kern -0.26341pt
(hyperref)                removed on input line 590.


Package hyperref Warning: Token not allowed in a PDF string (Unicode):
(hyperref)                \kern -0.84315pt
(hyperref)                removed on input line 590.


Package hyperref Warning: Token not allowed in a PDF string (Unicode):
(hyperref)                \kern -1.75693pt
(hyperref)                removed on input line 590.


Package hyperref Warning: Token not allowed in a PDF string (Unicode):
(hyperref)                removing `\lower' on input line 590.


Package hyperref Warning: Token not allowed in a PDF string (Unicode):
(hyperref)                removing `\hbox' on input line 590.


Package hyperref Warning: Token not allowed in a PDF string (Unicode):
(hyperref)                \kern -1.31741pt
(hyperref)                removed on input line 590.


LaTeX Font Warning: Font shape `TU/FangSong(0)/m/it' undefined
(Font)              using `TU/FangSong(0)/m/n' instead on input line 596.

[9]
Overfull \hbox (67.78247pt too wide) in paragraph at lines 681--682
[][][][][][][][][][][][][][][][][][][][] 
 []

[10] (./ustcthesis-doc.aux)

LaTeX Font Warning: Some font shapes were not available, defaults substituted.


LaTeX Warning: There were undefined references.


LaTeX Warning: Label(s) may have changed. Rerun to get cross-references right.


Package rerunfilecheck Warning: File `ustcthesis-doc.out' has changed.
(rerunfilecheck)                Rerun to get outlines right
(rerunfilecheck)                or use package `bookmark'.

Package rerunfilecheck Info: Checksums for `ustcthesis-doc.out':
(rerunfilecheck)             Before: <no file>
(rerunfilecheck)             After:  16BF03C1B2AA667CE08C4DBA4DC138B3;1729.
Package rerunfilecheck Info: File `ustcthesis-doc.hd' has not changed.
(rerunfilecheck)             Checksum: D41D8CD98F00B204E9800998ECF8427E;0.
 ) 
Here is how much of TeX's memory you used:
 22494 strings out of 476476
 436534 string characters out of 5817845
 1088084 words of memory out of 5000000
 42576 multiletter control sequences out of 15000+600000
 411324 words of font info for 132 fonts, out of 8000000 for 9000
 1348 hyphenation exceptions out of 8191
 90i,11n,116p,390b,2766s stack positions out of 5000i,500n,10000p,200000b,80000s

Output written on ustcthesis-doc.pdf (10 pages).
